This is pdfTeX, Version 3.14159265-2.6-1.40.17 (TeX Live 2016) (preloaded format=latex 2016.10.17)  26 OCT 2017 20:40
entering extended mode
 restricted \write18 enabled.
 %&-line parsing enabled.
**Requirements.tex
(./Requirements.tex
LaTeX2e <2016/03/31> patch level 3
Babel <3.9r> and hyphenation patterns for 83 language(s) loaded.
(./IEEEtran.cls
Document Class: IEEEtran 2015/08/26 V1.8b by Michael Shell
-- See the "IEEEtran_HOWTO" manual for usage information.
-- http://www.michaelshell.org/tex/ieeetran/
\@IEEEtrantmpdimenA=\dimen102
\@IEEEtrantmpdimenB=\dimen103
\@IEEEtrantmpdimenC=\dimen104
\@IEEEtrantmpcountA=\count79
\@IEEEtrantmpcountB=\count80
\@IEEEtrantmpcountC=\count81
\@IEEEtrantmptoksA=\toks14
LaTeX Font Info:    Try loading font information for OT1+ppl on input line 503.


(/nfs/guille/a2/rh80apps/tex_live/tex_live-2016/texmf-dist/tex/latex/psnfss/ot1
ppl.fd
File: ot1ppl.fd 2001/06/04 font definitions for OT1/ppl.
)
-- Using IEEE Computer Society mode.
-- Using 8.5in x 11in (letter) paper.
-- Using DVI output.
\@IEEEnormalsizeunitybaselineskip=\dimen105
-- This is a 10 point document.
\CLASSINFOnormalsizebaselineskip=\dimen106
\CLASSINFOnormalsizeunitybaselineskip=\dimen107
\IEEEnormaljot=\dimen108
LaTeX Font Info:    Font shape `OT1/ppl/bx/n' in size <5.01874> not available
(Font)              Font shape `OT1/ppl/b/n' tried instead on input line 1090.
LaTeX Font Info:    Font shape `OT1/ppl/bx/it' in size <5.01874> not available
(Font)              Font shape `OT1/ppl/b/it' tried instead on input line 1090.

LaTeX Font Info:    Font shape `OT1/ppl/bx/n' in size <7.02625> not available
(Font)              Font shape `OT1/ppl/b/n' tried instead on input line 1090.
LaTeX Font Info:    Font shape `OT1/ppl/bx/it' in size <7.02625> not available
(Font)              Font shape `OT1/ppl/b/it' tried instead on input line 1090.

LaTeX Font Info:    Font shape `OT1/ppl/bx/n' in size <8.03> not available
(Font)              Font shape `OT1/ppl/b/n' tried instead on input line 1090.
LaTeX Font Info:    Font shape `OT1/ppl/bx/it' in size <8.03> not available
(Font)              Font shape `OT1/ppl/b/it' tried instead on input line 1090.

LaTeX Font Info:    Font shape `OT1/ppl/bx/n' in size <9.03374> not available
(Font)              Font shape `OT1/ppl/b/n' tried instead on input line 1090.
LaTeX Font Info:    Font shape `OT1/ppl/bx/it' in size <9.03374> not available
(Font)              Font shape `OT1/ppl/b/it' tried instead on input line 1090.

LaTeX Font Info:    Font shape `OT1/ppl/bx/n' in size <9.53561> not available
(Font)              Font shape `OT1/ppl/b/n' tried instead on input line 1090.
LaTeX Font Info:    Font shape `OT1/ppl/bx/it' in size <9.53561> not available
(Font)              Font shape `OT1/ppl/b/it' tried instead on input line 1090.

LaTeX Font Info:    Font shape `OT1/ppl/bx/n' in size <11.04124> not available
(Font)              Font shape `OT1/ppl/b/n' tried instead on input line 1090.
LaTeX Font Info:    Font shape `OT1/ppl/bx/it' in size <11.04124> not available

(Font)              Font shape `OT1/ppl/b/it' tried instead on input line 1090.

LaTeX Font Info:    Font shape `OT1/ppl/bx/n' in size <12.045> not available
(Font)              Font shape `OT1/ppl/b/n' tried instead on input line 1090.
LaTeX Font Info:    Font shape `OT1/ppl/bx/it' in size <12.045> not available
(Font)              Font shape `OT1/ppl/b/it' tried instead on input line 1090.

LaTeX Font Info:    Font shape `OT1/ppl/bx/n' in size <17.06374> not available
(Font)              Font shape `OT1/ppl/b/n' tried instead on input line 1090.
LaTeX Font Info:    Font shape `OT1/ppl/bx/it' in size <17.06374> not available

(Font)              Font shape `OT1/ppl/b/it' tried instead on input line 1090.

LaTeX Font Info:    Font shape `OT1/ppl/bx/n' in size <20.075> not available
(Font)              Font shape `OT1/ppl/b/n' tried instead on input line 1090.
LaTeX Font Info:    Font shape `OT1/ppl/bx/it' in size <20.075> not available
(Font)              Font shape `OT1/ppl/b/it' tried instead on input line 1090.

LaTeX Font Info:    Font shape `OT1/ppl/bx/n' in size <24.09> not available
(Font)              Font shape `OT1/ppl/b/n' tried instead on input line 1090.
LaTeX Font Info:    Font shape `OT1/ppl/bx/it' in size <24.09> not available
(Font)              Font shape `OT1/ppl/b/it' tried instead on input line 1090.

\IEEEquantizedlength=\dimen109
\IEEEquantizedlengthdiff=\dimen110
\IEEEquantizedtextheightdiff=\dimen111
\IEEEilabelindentA=\dimen112
\IEEEilabelindentB=\dimen113
\IEEEilabelindent=\dimen114
\IEEEelabelindent=\dimen115
\IEEEdlabelindent=\dimen116
\IEEElabelindent=\dimen117
\IEEEiednormlabelsep=\dimen118
\IEEEiedmathlabelsep=\dimen119
\IEEEiedtopsep=\skip41
\c@section=\count82
\c@subsection=\count83
\c@subsubsection=\count84
\c@paragraph=\count85
\c@IEEEsubequation=\count86
\abovecaptionskip=\skip42
\belowcaptionskip=\skip43
\c@figure=\count87
\c@table=\count88
\@IEEEeqnnumcols=\count89
\@IEEEeqncolcnt=\count90
\@IEEEsubeqnnumrollback=\count91
\@IEEEquantizeheightA=\dimen120
\@IEEEquantizeheightB=\dimen121
\@IEEEquantizeheightC=\dimen122
\@IEEEquantizeprevdepth=\dimen123
\@IEEEquantizemultiple=\count92
\@IEEEquantizeboxA=\box26
\@IEEEtmpitemindent=\dimen124
\IEEEPARstartletwidth=\dimen125
\c@IEEEbiography=\count93
\@IEEEtranrubishbin=\box27
)
(/nfs/guille/a2/rh80apps/tex_live/tex_live-2016/texmf-dist/tex/latex/graphics/g
raphicx.sty
Package: graphicx 2014/10/28 v1.0g Enhanced LaTeX Graphics (DPC,SPQR)

(/nfs/guille/a2/rh80apps/tex_live/tex_live-2016/texmf-dist/tex/latex/graphics/k
eyval.sty
Package: keyval 2014/10/28 v1.15 key=value parser (DPC)
\KV@toks@=\toks15
)
(/nfs/guille/a2/rh80apps/tex_live/tex_live-2016/texmf-dist/tex/latex/graphics/g
raphics.sty
Package: graphics 2016/07/10 v1.0t Standard LaTeX Graphics (DPC,SPQR)

(/nfs/guille/a2/rh80apps/tex_live/tex_live-2016/texmf-dist/tex/latex/graphics/t
rig.sty
Package: trig 2016/01/03 v1.10 sin cos tan (DPC)
)
(/nfs/guille/a2/rh80apps/tex_live/tex_live-2016/texmf-dist/tex/latex/graphics-c
fg/graphics.cfg
File: graphics.cfg 2016/06/04 v1.11 sample graphics configuration
)
Package graphics Info: Driver file: dvips.def on input line 99.

(/nfs/guille/a2/rh80apps/tex_live/tex_live-2016/texmf-dist/tex/latex/graphics-d
ef/dvips.def
File: dvips.def 2016/07/10 v3.1a Driver-dependent file (DPC,SPQR)
))
\Gin@req@height=\dimen126
\Gin@req@width=\dimen127
) (./pgfgantt.sty
Package: pgfgantt 2013/06/01 v4.0 Draw Gantt diagrams with TikZ

(/nfs/guille/a2/rh80apps/tex_live/tex_live-2016/texmf-dist/tex/latex/pgf/fronte
ndlayer/tikz.sty
(/nfs/guille/a2/rh80apps/tex_live/tex_live-2016/texmf-dist/tex/latex/pgf/basicl
ayer/pgf.sty
(/nfs/guille/a2/rh80apps/tex_live/tex_live-2016/texmf-dist/tex/latex/pgf/utilit
ies/pgfrcs.sty
(/nfs/guille/a2/rh80apps/tex_live/tex_live-2016/texmf-dist/tex/generic/pgf/util
ities/pgfutil-common.tex
\pgfutil@everybye=\toks16
\pgfutil@tempdima=\dimen128
\pgfutil@tempdimb=\dimen129

(/nfs/guille/a2/rh80apps/tex_live/tex_live-2016/texmf-dist/tex/generic/pgf/util
ities/pgfutil-common-lists.tex))
(/nfs/guille/a2/rh80apps/tex_live/tex_live-2016/texmf-dist/tex/generic/pgf/util
ities/pgfutil-latex.def
\pgfutil@abb=\box28

(/nfs/guille/a2/rh80apps/tex_live/tex_live-2016/texmf-dist/tex/latex/ms/everysh
i.sty
Package: everyshi 2001/05/15 v3.00 EveryShipout Package (MS)
))
(/nfs/guille/a2/rh80apps/tex_live/tex_live-2016/texmf-dist/tex/generic/pgf/util
ities/pgfrcs.code.tex
Package: pgfrcs 2015/08/07 v3.0.1a (rcs-revision 1.31)
))
Package: pgf 2015/08/07 v3.0.1a (rcs-revision 1.15)

(/nfs/guille/a2/rh80apps/tex_live/tex_live-2016/texmf-dist/tex/latex/pgf/basicl
ayer/pgfcore.sty
(/nfs/guille/a2/rh80apps/tex_live/tex_live-2016/texmf-dist/tex/latex/pgf/system
layer/pgfsys.sty
(/nfs/guille/a2/rh80apps/tex_live/tex_live-2016/texmf-dist/tex/generic/pgf/syst
emlayer/pgfsys.code.tex
Package: pgfsys 2014/07/09 v3.0.1a (rcs-revision 1.48)

(/nfs/guille/a2/rh80apps/tex_live/tex_live-2016/texmf-dist/tex/generic/pgf/util
ities/pgfkeys.code.tex
\pgfkeys@pathtoks=\toks17
\pgfkeys@temptoks=\toks18

(/nfs/guille/a2/rh80apps/tex_live/tex_live-2016/texmf-dist/tex/generic/pgf/util
ities/pgfkeysfiltered.code.tex
\pgfkeys@tmptoks=\toks19
))
\pgf@x=\dimen130
\pgf@y=\dimen131
\pgf@xa=\dimen132
\pgf@ya=\dimen133
\pgf@xb=\dimen134
\pgf@yb=\dimen135
\pgf@xc=\dimen136
\pgf@yc=\dimen137
\w@pgf@writea=\write3
\r@pgf@reada=\read1
\c@pgf@counta=\count94
\c@pgf@countb=\count95
\c@pgf@countc=\count96
\c@pgf@countd=\count97
\t@pgf@toka=\toks20
\t@pgf@tokb=\toks21
\t@pgf@tokc=\toks22

(/nfs/guille/a2/rh80apps/tex_live/tex_live-2016/texmf-dist/tex/generic/pgf/syst
emlayer/pgf.cfg
File: pgf.cfg 2008/05/14  (rcs-revision 1.7)
)
Driver file for pgf: pgfsys-dvips.def

(/nfs/guille/a2/rh80apps/tex_live/tex_live-2016/texmf-dist/tex/generic/pgf/syst
emlayer/pgfsys-dvips.def
File: pgfsys-dvips.def 2014/07/09  (rcs-revision 1.25)

(/nfs/guille/a2/rh80apps/tex_live/tex_live-2016/texmf-dist/tex/generic/pgf/syst
emlayer/pgfsys-common-postscript.def
File: pgfsys-common-postscript.def 2008/10/01  (rcs-revision 1.22)
\pgf@objectcount=\count98
)))
(/nfs/guille/a2/rh80apps/tex_live/tex_live-2016/texmf-dist/tex/generic/pgf/syst
emlayer/pgfsyssoftpath.code.tex
File: pgfsyssoftpath.code.tex 2013/09/09  (rcs-revision 1.9)
\pgfsyssoftpath@smallbuffer@items=\count99
\pgfsyssoftpath@bigbuffer@items=\count100
)
(/nfs/guille/a2/rh80apps/tex_live/tex_live-2016/texmf-dist/tex/generic/pgf/syst
emlayer/pgfsysprotocol.code.tex
File: pgfsysprotocol.code.tex 2006/10/16  (rcs-revision 1.4)
))
(/nfs/guille/a2/rh80apps/tex_live/tex_live-2016/texmf-dist/tex/latex/xcolor/xco
lor.sty
Package: xcolor 2016/05/11 v2.12 LaTeX color extensions (UK)

(/nfs/guille/a2/rh80apps/tex_live/tex_live-2016/texmf-dist/tex/latex/graphics-c
fg/color.cfg
File: color.cfg 2016/01/02 v1.6 sample color configuration
)
Package xcolor Info: Driver file: dvips.def on input line 225.
Package xcolor Info: Model `cmy' substituted by `cmy0' on input line 1348.
Package xcolor Info: Model `RGB' extended on input line 1364.
Package xcolor Info: Model `HTML' substituted by `rgb' on input line 1366.
Package xcolor Info: Model `Hsb' substituted by `hsb' on input line 1367.
Package xcolor Info: Model `tHsb' substituted by `hsb' on input line 1368.
Package xcolor Info: Model `HSB' substituted by `hsb' on input line 1369.
Package xcolor Info: Model `Gray' substituted by `gray' on input line 1370.
Package xcolor Info: Model `wave' substituted by `hsb' on input line 1371.
)
(/nfs/guille/a2/rh80apps/tex_live/tex_live-2016/texmf-dist/tex/generic/pgf/basi
clayer/pgfcore.code.tex
Package: pgfcore 2010/04/11 v3.0.1a (rcs-revision 1.7)

(/nfs/guille/a2/rh80apps/tex_live/tex_live-2016/texmf-dist/tex/generic/pgf/math
/pgfmath.code.tex
(/nfs/guille/a2/rh80apps/tex_live/tex_live-2016/texmf-dist/tex/generic/pgf/math
/pgfmathcalc.code.tex
(/nfs/guille/a2/rh80apps/tex_live/tex_live-2016/texmf-dist/tex/generic/pgf/math
/pgfmathutil.code.tex)
(/nfs/guille/a2/rh80apps/tex_live/tex_live-2016/texmf-dist/tex/generic/pgf/math
/pgfmathparser.code.tex
\pgfmath@dimen=\dimen138
\pgfmath@count=\count101
\pgfmath@box=\box29
\pgfmath@toks=\toks23
\pgfmath@stack@operand=\toks24
\pgfmath@stack@operation=\toks25
)
(/nfs/guille/a2/rh80apps/tex_live/tex_live-2016/texmf-dist/tex/generic/pgf/math
/pgfmathfunctions.code.tex
(/nfs/guille/a2/rh80apps/tex_live/tex_live-2016/texmf-dist/tex/generic/pgf/math
/pgfmathfunctions.basic.code.tex)
(/nfs/guille/a2/rh80apps/tex_live/tex_live-2016/texmf-dist/tex/generic/pgf/math
/pgfmathfunctions.trigonometric.code.tex)
(/nfs/guille/a2/rh80apps/tex_live/tex_live-2016/texmf-dist/tex/generic/pgf/math
/pgfmathfunctions.random.code.tex)
(/nfs/guille/a2/rh80apps/tex_live/tex_live-2016/texmf-dist/tex/generic/pgf/math
/pgfmathfunctions.comparison.code.tex)
(/nfs/guille/a2/rh80apps/tex_live/tex_live-2016/texmf-dist/tex/generic/pgf/math
/pgfmathfunctions.base.code.tex)
(/nfs/guille/a2/rh80apps/tex_live/tex_live-2016/texmf-dist/tex/generic/pgf/math
/pgfmathfunctions.round.code.tex)
(/nfs/guille/a2/rh80apps/tex_live/tex_live-2016/texmf-dist/tex/generic/pgf/math
/pgfmathfunctions.misc.code.tex)
(/nfs/guille/a2/rh80apps/tex_live/tex_live-2016/texmf-dist/tex/generic/pgf/math
/pgfmathfunctions.integerarithmetics.code.tex)))
(/nfs/guille/a2/rh80apps/tex_live/tex_live-2016/texmf-dist/tex/generic/pgf/math
/pgfmathfloat.code.tex
\c@pgfmathroundto@lastzeros=\count102
))
(/nfs/guille/a2/rh80apps/tex_live/tex_live-2016/texmf-dist/tex/generic/pgf/basi
clayer/pgfcorepoints.code.tex
File: pgfcorepoints.code.tex 2013/10/07  (rcs-revision 1.27)
\pgf@picminx=\dimen139
\pgf@picmaxx=\dimen140
\pgf@picminy=\dimen141
\pgf@picmaxy=\dimen142
\pgf@pathminx=\dimen143
\pgf@pathmaxx=\dimen144
\pgf@pathminy=\dimen145
\pgf@pathmaxy=\dimen146
\pgf@xx=\dimen147
\pgf@xy=\dimen148
\pgf@yx=\dimen149
\pgf@yy=\dimen150
\pgf@zx=\dimen151
\pgf@zy=\dimen152
)
(/nfs/guille/a2/rh80apps/tex_live/tex_live-2016/texmf-dist/tex/generic/pgf/basi
clayer/pgfcorepathconstruct.code.tex
File: pgfcorepathconstruct.code.tex 2013/10/07  (rcs-revision 1.29)
\pgf@path@lastx=\dimen153
\pgf@path@lasty=\dimen154
)
(/nfs/guille/a2/rh80apps/tex_live/tex_live-2016/texmf-dist/tex/generic/pgf/basi
clayer/pgfcorepathusage.code.tex
File: pgfcorepathusage.code.tex 2014/11/02  (rcs-revision 1.24)
\pgf@shorten@end@additional=\dimen155
\pgf@shorten@start@additional=\dimen156
)
(/nfs/guille/a2/rh80apps/tex_live/tex_live-2016/texmf-dist/tex/generic/pgf/basi
clayer/pgfcorescopes.code.tex
File: pgfcorescopes.code.tex 2015/05/08  (rcs-revision 1.46)
\pgfpic=\box30
\pgf@hbox=\box31
\pgf@layerbox@main=\box32
\pgf@picture@serial@count=\count103
)
(/nfs/guille/a2/rh80apps/tex_live/tex_live-2016/texmf-dist/tex/generic/pgf/basi
clayer/pgfcoregraphicstate.code.tex
File: pgfcoregraphicstate.code.tex 2014/11/02  (rcs-revision 1.12)
\pgflinewidth=\dimen157
)
(/nfs/guille/a2/rh80apps/tex_live/tex_live-2016/texmf-dist/tex/generic/pgf/basi
clayer/pgfcoretransformations.code.tex
File: pgfcoretransformations.code.tex 2015/08/07  (rcs-revision 1.20)
\pgf@pt@x=\dimen158
\pgf@pt@y=\dimen159
\pgf@pt@temp=\dimen160
)
(/nfs/guille/a2/rh80apps/tex_live/tex_live-2016/texmf-dist/tex/generic/pgf/basi
clayer/pgfcorequick.code.tex
File: pgfcorequick.code.tex 2008/10/09  (rcs-revision 1.3)
)
(/nfs/guille/a2/rh80apps/tex_live/tex_live-2016/texmf-dist/tex/generic/pgf/basi
clayer/pgfcoreobjects.code.tex
File: pgfcoreobjects.code.tex 2006/10/11  (rcs-revision 1.2)
)
(/nfs/guille/a2/rh80apps/tex_live/tex_live-2016/texmf-dist/tex/generic/pgf/basi
clayer/pgfcorepathprocessing.code.tex
File: pgfcorepathprocessing.code.tex 2013/09/09  (rcs-revision 1.9)
)
(/nfs/guille/a2/rh80apps/tex_live/tex_live-2016/texmf-dist/tex/generic/pgf/basi
clayer/pgfcorearrows.code.tex
File: pgfcorearrows.code.tex 2015/05/14  (rcs-revision 1.43)
\pgfarrowsep=\dimen161
)
(/nfs/guille/a2/rh80apps/tex_live/tex_live-2016/texmf-dist/tex/generic/pgf/basi
clayer/pgfcoreshade.code.tex
File: pgfcoreshade.code.tex 2013/07/15  (rcs-revision 1.15)
\pgf@max=\dimen162
\pgf@sys@shading@range@num=\count104
)
(/nfs/guille/a2/rh80apps/tex_live/tex_live-2016/texmf-dist/tex/generic/pgf/basi
clayer/pgfcoreimage.code.tex
File: pgfcoreimage.code.tex 2013/07/15  (rcs-revision 1.18)

(/nfs/guille/a2/rh80apps/tex_live/tex_live-2016/texmf-dist/tex/generic/pgf/basi
clayer/pgfcoreexternal.code.tex
File: pgfcoreexternal.code.tex 2014/07/09  (rcs-revision 1.21)
\pgfexternal@startupbox=\box33
))
(/nfs/guille/a2/rh80apps/tex_live/tex_live-2016/texmf-dist/tex/generic/pgf/basi
clayer/pgfcorelayers.code.tex
File: pgfcorelayers.code.tex 2013/07/18  (rcs-revision 1.7)
)
(/nfs/guille/a2/rh80apps/tex_live/tex_live-2016/texmf-dist/tex/generic/pgf/basi
clayer/pgfcoretransparency.code.tex
File: pgfcoretransparency.code.tex 2013/09/30  (rcs-revision 1.5)
)
(/nfs/guille/a2/rh80apps/tex_live/tex_live-2016/texmf-dist/tex/generic/pgf/basi
clayer/pgfcorepatterns.code.tex
File: pgfcorepatterns.code.tex 2013/11/07  (rcs-revision 1.5)
)))
(/nfs/guille/a2/rh80apps/tex_live/tex_live-2016/texmf-dist/tex/generic/pgf/modu
les/pgfmoduleshapes.code.tex
File: pgfmoduleshapes.code.tex 2014/03/21  (rcs-revision 1.35)
\pgfnodeparttextbox=\box34
)
(/nfs/guille/a2/rh80apps/tex_live/tex_live-2016/texmf-dist/tex/generic/pgf/modu
les/pgfmoduleplot.code.tex
File: pgfmoduleplot.code.tex 2015/08/03  (rcs-revision 1.13)
)
(/nfs/guille/a2/rh80apps/tex_live/tex_live-2016/texmf-dist/tex/latex/pgf/compat
ibility/pgfcomp-version-0-65.sty
Package: pgfcomp-version-0-65 2007/07/03 v3.0.1a (rcs-revision 1.7)
\pgf@nodesepstart=\dimen163
\pgf@nodesepend=\dimen164
)
(/nfs/guille/a2/rh80apps/tex_live/tex_live-2016/texmf-dist/tex/latex/pgf/compat
ibility/pgfcomp-version-1-18.sty
Package: pgfcomp-version-1-18 2007/07/23 v3.0.1a (rcs-revision 1.1)
))
(/nfs/guille/a2/rh80apps/tex_live/tex_live-2016/texmf-dist/tex/latex/pgf/utilit
ies/pgffor.sty
(/nfs/guille/a2/rh80apps/tex_live/tex_live-2016/texmf-dist/tex/latex/pgf/utilit
ies/pgfkeys.sty
(/nfs/guille/a2/rh80apps/tex_live/tex_live-2016/texmf-dist/tex/generic/pgf/util
ities/pgfkeys.code.tex))
(/nfs/guille/a2/rh80apps/tex_live/tex_live-2016/texmf-dist/tex/latex/pgf/math/p
gfmath.sty
(/nfs/guille/a2/rh80apps/tex_live/tex_live-2016/texmf-dist/tex/generic/pgf/math
/pgfmath.code.tex))
(/nfs/guille/a2/rh80apps/tex_live/tex_live-2016/texmf-dist/tex/generic/pgf/util
ities/pgffor.code.tex
Package: pgffor 2013/12/13 v3.0.1a (rcs-revision 1.25)

(/nfs/guille/a2/rh80apps/tex_live/tex_live-2016/texmf-dist/tex/generic/pgf/math
/pgfmath.code.tex)
\pgffor@iter=\dimen165
\pgffor@skip=\dimen166
\pgffor@stack=\toks26
\pgffor@toks=\toks27
))
(/nfs/guille/a2/rh80apps/tex_live/tex_live-2016/texmf-dist/tex/generic/pgf/fron
tendlayer/tikz/tikz.code.tex
Package: tikz 2015/08/07 v3.0.1a (rcs-revision 1.151)

(/nfs/guille/a2/rh80apps/tex_live/tex_live-2016/texmf-dist/tex/generic/pgf/libr
aries/pgflibraryplothandlers.code.tex
File: pgflibraryplothandlers.code.tex 2013/08/31 v3.0.1a (rcs-revision 1.20)
\pgf@plot@mark@count=\count105
\pgfplotmarksize=\dimen167
)
\tikz@lastx=\dimen168
\tikz@lasty=\dimen169
\tikz@lastxsaved=\dimen170
\tikz@lastysaved=\dimen171
\tikzleveldistance=\dimen172
\tikzsiblingdistance=\dimen173
\tikz@figbox=\box35
\tikz@figbox@bg=\box36
\tikz@tempbox=\box37
\tikz@tempbox@bg=\box38
\tikztreelevel=\count106
\tikznumberofchildren=\count107
\tikznumberofcurrentchild=\count108
\tikz@fig@count=\count109

(/nfs/guille/a2/rh80apps/tex_live/tex_live-2016/texmf-dist/tex/generic/pgf/modu
les/pgfmodulematrix.code.tex
File: pgfmodulematrix.code.tex 2013/09/17  (rcs-revision 1.8)
\pgfmatrixcurrentrow=\count110
\pgfmatrixcurrentcolumn=\count111
\pgf@matrix@numberofcolumns=\count112
)
\tikz@expandcount=\count113

(/nfs/guille/a2/rh80apps/tex_live/tex_live-2016/texmf-dist/tex/generic/pgf/fron
tendlayer/tikz/libraries/tikzlibrarytopaths.code.tex
File: tikzlibrarytopaths.code.tex 2008/06/17 v3.0.1a (rcs-revision 1.2)
)))
(/nfs/guille/a2/rh80apps/tex_live/tex_live-2016/texmf-dist/tex/generic/pgf/fron
tendlayer/tikz/libraries/tikzlibraryarrows.code.tex
File: tikzlibraryarrows.code.tex 2008/01/09 v3.0.1a (rcs-revision 1.1)

(/nfs/guille/a2/rh80apps/tex_live/tex_live-2016/texmf-dist/tex/generic/pgf/libr
aries/pgflibraryarrows.code.tex
File: pgflibraryarrows.code.tex 2013/09/23 v3.0.1a (rcs-revision 1.16)
\arrowsize=\dimen174
))
(/nfs/guille/a2/rh80apps/tex_live/tex_live-2016/texmf-dist/tex/generic/pgf/fron
tendlayer/tikz/libraries/tikzlibrarybackgrounds.code.tex
File: tikzlibrarybackgrounds.code.tex 2013/07/18 v3.0.1a (rcs-revision 1.3)
\pgf@layerbox@background=\box39
\pgf@layerboxsaved@background=\box40
)
(/nfs/guille/a2/rh80apps/tex_live/tex_live-2016/texmf-dist/tex/generic/pgf/fron
tendlayer/tikz/libraries/tikzlibrarycalc.code.tex
File: tikzlibrarycalc.code.tex 2013/07/15 v3.0.1a (rcs-revision 1.9)
)
(/nfs/guille/a2/rh80apps/tex_live/tex_live-2016/texmf-dist/tex/generic/pgf/fron
tendlayer/tikz/libraries/tikzlibrarypatterns.code.tex
File: tikzlibrarypatterns.code.tex 2008/01/15 v3.0.1a (rcs-revision 1.2)

(/nfs/guille/a2/rh80apps/tex_live/tex_live-2016/texmf-dist/tex/generic/pgf/libr
aries/pgflibrarypatterns.code.tex
File: pgflibrarypatterns.code.tex 2008/03/03 v3.0.1a (rcs-revision 1.13)
))
(/nfs/guille/a2/rh80apps/tex_live/tex_live-2016/texmf-dist/tex/generic/pgf/fron
tendlayer/tikz/libraries/tikzlibrarypositioning.code.tex
File: tikzlibrarypositioning.code.tex 2008/10/06 v3.0.1a (rcs-revision 1.7)
)
(/nfs/guille/a2/rh80apps/tex_live/tex_live-2016/texmf-dist/tex/generic/pgf/fron
tendlayer/tikz/libraries/tikzlibraryshapes.geometric.code.tex
File: tikzlibraryshapes.geometric.code.tex 2008/01/09 v3.0.1a (rcs-revision 1.1
)

(/nfs/guille/a2/rh80apps/tex_live/tex_live-2016/texmf-dist/tex/generic/pgf/libr
aries/shapes/pgflibraryshapes.geometric.code.tex
File: pgflibraryshapes.geometric.code.tex 2008/06/26 v3.0.1a (rcs-revision 1.1)

))
(/nfs/guille/a2/rh80apps/tex_live/tex_live-2016/texmf-dist/tex/latex/pgf/utilit
ies/pgfcalendar.sty
(/nfs/guille/a2/rh80apps/tex_live/tex_live-2016/texmf-dist/tex/generic/pgf/util
ities/pgfcalendar.code.tex
File: pgfcalendar.code.tex 2007/07/23 v3.0.1a (rcs-revision 1.11)
\pgfcalendarcurrentjulian=\count114
))
\gtt@currentline=\count115
\gtt@lasttitleline=\count116
\gtt@currgrid=\count117
\gtt@chartwidth=\count118
\gtt@lasttitleslot=\count119
\gtt@elementid=\count120
\gtt@today@slot=\count121
\gtt@startjulian=\count122
\gtt@endjulian=\count123
\gtt@calendar@slots=\count124
\gtt@calendar@weeknumber=\count125
\gtt@calendar@startofweek=\count126
\gtt@left@slot=\count127
\gtt@right@slot=\count128
)
(/nfs/guille/a2/rh80apps/tex_live/tex_live-2016/texmf-dist/tex/latex/url/url.st
y
\Urlmuskip=\muskip10
Package: url 2013/09/16  ver 3.4  Verb mode for urls, etc.
)
(/nfs/guille/a2/rh80apps/tex_live/tex_live-2016/texmf-dist/tex/latex/setspace/s
etspace.sty
Package: setspace 2011/12/19 v6.7a set line spacing
)
(/nfs/guille/a2/rh80apps/tex_live/tex_live-2016/texmf-dist/tex/latex/tabu/tabu.
sty
Package: tabu 2011/02/26 v2.8 - flexible LaTeX tabulars (FC)

(/nfs/guille/a2/rh80apps/tex_live/tex_live-2016/texmf-dist/tex/latex/tools/arra
y.sty
Package: array 2014/10/28 v2.4c Tabular extension package (FMi)
\col@sep=\dimen175
\extrarowheight=\dimen176
\NC@list=\toks28
\extratabsurround=\skip44
\backup@length=\skip45
)
(/nfs/guille/a2/rh80apps/tex_live/tex_live-2016/texmf-dist/tex/latex/varwidth/v
arwidth.sty
Package: varwidth 2009/03/30 ver 0.92;  Variable-width minipages
\@vwid@box=\box41
\sift@deathcycles=\count129
\@vwid@loff=\dimen177
\@vwid@roff=\dimen178
)
\c@taburow=\count130
\tabu@nbcols=\count131
\tabu@cnt=\count132
\tabu@Xcol=\count133
\tabu@alloc=\count134
\tabu@nested=\count135
\tabu@target=\dimen179
\tabu@spreadtarget=\dimen180
\tabu@naturalX=\dimen181
\tabucolX=\dimen182
\tabu@Xsum=\dimen183
\extrarowdepth=\dimen184
\abovetabulinesep=\dimen185
\belowtabulinesep=\dimen186
\tabustrutrule=\dimen187
\tabu@thebody=\toks29
\tabu@footnotes=\toks30
\tabu@box=\box42
\tabu@arstrutbox=\box43
\tabu@hleads=\box44
\tabu@vleads=\box45
\tabu@cellskip=\skip46
)
(/nfs/guille/a2/rh80apps/tex_live/tex_live-2016/texmf-dist/tex/latex/geometry/g
eometry.sty
Package: geometry 2010/09/12 v5.6 Page Geometry

(/nfs/guille/a2/rh80apps/tex_live/tex_live-2016/texmf-dist/tex/generic/oberdiek
/ifpdf.sty
Package: ifpdf 2016/05/14 v3.1 Provides the ifpdf switch
)
(/nfs/guille/a2/rh80apps/tex_live/tex_live-2016/texmf-dist/tex/generic/oberdiek
/ifvtex.sty
Package: ifvtex 2016/05/16 v1.6 Detect VTeX and its facilities (HO)
Package ifvtex Info: VTeX not detected.
)
(/nfs/guille/a2/rh80apps/tex_live/tex_live-2016/texmf-dist/tex/generic/ifxetex/
ifxetex.sty
Package: ifxetex 2010/09/12 v0.6 Provides ifxetex conditional
)
\Gm@cnth=\count136
\Gm@cntv=\count137
\c@Gm@tempcnt=\count138
\Gm@bindingoffset=\dimen188
\Gm@wd@mp=\dimen189
\Gm@odd@mp=\dimen190
\Gm@even@mp=\dimen191
\Gm@layoutwidth=\dimen192
\Gm@layoutheight=\dimen193
\Gm@layouthoffset=\dimen194
\Gm@layoutvoffset=\dimen195
\Gm@dimlist=\toks31
)

Package geometry Warning: Over-specification in `h'-direction.
    `width' (505.89pt) is ignored.


Package geometry Warning: Over-specification in `v'-direction.
    `height' (686.56499pt) is ignored.

(./Requirements.aux)
\openout1 = `Requirements.aux'.

LaTeX Font Info:    Checking defaults for OML/cmm/m/it on input line 36.
LaTeX Font Info:    ... okay on input line 36.
LaTeX Font Info:    Checking defaults for T1/cmr/m/n on input line 36.
LaTeX Font Info:    ... okay on input line 36.
LaTeX Font Info:    Checking defaults for OT1/cmr/m/n on input line 36.
LaTeX Font Info:    ... okay on input line 36.
LaTeX Font Info:    Checking defaults for OMS/cmsy/m/n on input line 36.
LaTeX Font Info:    ... okay on input line 36.
LaTeX Font Info:    Checking defaults for OMX/cmex/m/n on input line 36.
LaTeX Font Info:    ... okay on input line 36.
LaTeX Font Info:    Checking defaults for U/cmr/m/n on input line 36.
LaTeX Font Info:    ... okay on input line 36.

-- Lines per column: 39 (approximate, difference = 14.73578pt).
ABD: EveryShipout initializing macros
*geometry* driver: auto-detecting
*geometry* detected driver: dvips
*geometry* verbose mode - [ preamble ] result:
* driver: dvips
* paper: <default>
* layout: <same size as paper>
* layoutoffset:(h,v)=(0.0pt,0.0pt)
* modes: 
* h-part:(L,W,R)=(54.2025pt, 505.89pt, 54.2025pt)
* v-part:(T,H,B)=(54.2025pt, 686.56499pt, 54.2025pt)
* \paperwidth=614.295pt
* \paperheight=794.96999pt
* \textwidth=505.89pt
* \textheight=686.56499pt
* \oddsidemargin=-18.06749pt
* \evensidemargin=-18.06749pt
* \topmargin=-36.76537pt
* \headheight=12.0pt
* \headsep=6.69788pt
* \topskip=11.58327pt
* \footskip=19.1765pt
* \marginparwidth=20.0pt
* \marginparsep=10.0pt
* \columnsep=12.045pt
* \skip\footins=15.63728pt plus 6.94984pt minus 3.47491pt
* \hoffset=0.0pt
* \voffset=0.0pt
* \mag=1000
* \@twocolumnfalse
* \@twosidefalse
* \@mparswitchfalse
* \@reversemarginfalse
* (1in=72.27pt=25.4mm, 1cm=28.453pt)

LaTeX Font Info:    Font shape `OT1/ppl/bx/sc' in size <20.075> not available
(Font)              Font shape `OT1/ppl/b/sc' tried instead on input line 51.
LaTeX Font Info:    Font shape `OT1/ppl/bx/sc' in size <24.09> not available
(Font)              Font shape `OT1/ppl/b/sc' tried instead on input line 51.
LaTeX Font Info:    Try loading font information for OT1+phv on input line 68.

(/nfs/guille/a2/rh80apps/tex_live/tex_live-2016/texmf-dist/tex/latex/psnfss/ot1
phv.fd
File: ot1phv.fd 2001/06/04 scalable font definitions for OT1/phv.
)
LaTeX Font Info:    Font shape `OT1/phv/bx/n' in size <8.03> not available
(Font)              Font shape `OT1/phv/b/n' tried instead on input line 68.
 [1]
LaTeX Font Info:    Font shape `OT1/phv/bx/n' in size <11.04124> not available
(Font)              Font shape `OT1/phv/b/n' tried instead on input line 77.
LaTeX Font Info:    Font shape `OT1/phv/bx/sc' in size <11.04124> not available

(Font)              Font shape `OT1/phv/b/sc' tried instead on input line 77.
 (./Requirements.toc
LaTeX Font Info:    Calculating math sizes for size <9.53561> on input line 2.
LaTeX Font Info:    External font `cmex10' loaded for size
(Font)              <9.53561> on input line 2.
LaTeX Font Info:    External font `cmex10' loaded for size
(Font)              <6.6749> on input line 2.
LaTeX Font Info:    External font `cmex10' loaded for size
(Font)              <4.7678> on input line 2.
)
\tf@toc=\write4
\openout4 = `Requirements.toc'.

 [1]
LaTeX Font Info:    Font shape `OT1/phv/bx/n' in size <9.53561> not available
(Font)              Font shape `OT1/phv/b/n' tried instead on input line 85.
 (./Requirements.bbl
LaTeX Font Info:    Calculating math sizes for size <8.03> on input line 5.
LaTeX Font Info:    External font `cmex10' loaded for size
(Font)              <8.03> on input line 5.
LaTeX Font Info:    External font `cmex10' loaded for size
(Font)              <5.62097> on input line 5.
LaTeX Font Info:    External font `cmex10' loaded for size
(Font)              <4.015> on input line 5.
) [2

]
Underfull \hbox (badness 10000) in paragraph at lines 170--174

 []


Underfull \hbox (badness 10000) in paragraph at lines 175--179

 []

[3]
Underfull \hbox (badness 10000) in paragraph at lines 180--184

 []


Overfull \hbox (4.80415pt too wide) in paragraph at lines 250--251
[] 
 []

[4] [5] (./Requirements.aux) ) 
Here is how much of TeX's memory you used:
 14921 strings out of 493014
 319143 string characters out of 6122796
 378728 words of memory out of 5000000
 18229 multiletter control sequences out of 15000+600000
 30580 words of font info for 77 fonts, out of 8000000 for 9000
 1141 hyphenation exceptions out of 8191
 62i,14n,65p,946b,705s stack positions out of 5000i,500n,10000p,200000b,80000s

Output written on Requirements.dvi (6 pages, 49688 bytes).
